<html xmlns:marc="http://www.loc.gov/MARC21/slim">
<body>
<table border="1" cellpadding="0" cellspacing="0" width="100%">
<tr>
<td>1/11</td><td>000000134130</td><td>
			Contemporary art in the Israel Museum, Jerusalem /
			edited by Suzanne Landau.
		</td>
</tr>
<tr>
<td>2/11</td><td>000000125262</td><td>
			Arte contempora&acute;neo_ &iquest;hasta cuando? =
			Contemporary art_ until when? /
			Joerg Bader.
		</td>
</tr>
<tr>
<td>3/11</td><td>000000121069</td><td>
			Contemporary art.
		</td>
</tr>
<tr>
<td>4/11</td><td>000000116482</td><td>
			Contemporary art in print :
			the publications of Charles Booth-Clibborn and his imprint : the Paragon Press 2001 - 2006 /
			edited by Etienne Lullin and Florian-Oliver Simm.
		</td>
</tr>
<tr>
<td>5/11</td><td>000000116333</td><td>
			Centro de Arte Contempora&acute;neo, Leo&acute;n
			[Arti&acute;culo] =
			Contemporary Art Center, Leo&acute;n : M. Mansilla &amp; Tun~o&acute;n.
		</td>
</tr>
<tr>
<td>6/11</td><td>000000103037</td><td>
			Foire d'art actuel =
			Aktuele kunstmarkt = Contemporary Art fair.
		</td>
</tr>
<tr>
<td>7/11</td><td>000000062646</td><td>
			Contemporary art and multicultural education /
			edited by Susan Cahan and Zoya Kocur.
		</td>
</tr>
<tr>
<td>8/11</td><td>000000059815</td><td>
			Joseph Nechvatal :
			retrospektive /
			[texto, Johanna Drucker].
		</td>
</tr>
<tr>
<td>9/11</td><td>000000059514</td><td>
			6th Caribbean Biennial /
			a project by Maurizio Cattelan ; edited by Bettina Funcke ;  [organized by Maurizio Cattelan, and Jens Hoffmann].
		</td>
</tr>
<tr>
<td>10/11</td><td>000000055725</td><td>
			Contemporary art /
			Klaus Honnef.
		</td>
</tr>
<tr>
<td>11/11</td><td>000000050196</td><td>
			Contemporary art in Asia :
			traditions tensions /
			guest curator Apinan Poshyananda ; essays by Apinan Poshyananda...[et al.].
		</td>
</tr>
</table>
</body>
</html>
